Started GET "/" for ::1 at 2024-01-07 21:06:10 -0300
Processing by Rails::WelcomeController#index as HTML
  Rendering /home/aqua-azabache/.rbenv/versions/3.2.2/lib/ruby/gems/3.2.0/gems/railties-7.0.8/lib/rails/templates/rails/welcome/index.html.erb
  Rendered /home/aqua-azabache/.rbenv/versions/3.2.2/lib/ruby/gems/3.2.0/gems/railties-7.0.8/lib/rails/templates/rails/welcome/index.html.erb (Duration: 96.4ms | Allocations: 633)
Completed 200 OK in 572ms (Views: 179.3ms | ActiveRecord: 0.0ms | Allocations: 7354)


Started GET "/index" for ::1 at 2024-01-07 21:33:08 -0300
  
ActionController::RoutingError (No route matches [GET] "/index"):
  
Started GET "/articles/index" for ::1 at 2024-01-07 21:33:21 -0300
  
ActionController::RoutingError (No route matches [GET] "/articles/index"):
  
Started GET "/articles" for ::1 at 2024-01-07 21:33:51 -0300
Processing by ArticlesController#index as HTML
  Rendering layout layouts/application.html.erb
  Rendering articles/index.html.erb within layouts/application
  Rendered articles/index.html.erb within layouts/application (Duration: 2.7ms | Allocations: 111)
  Rendered layout layouts/application.html.erb (Duration: 1983.2ms | Allocations: 87422)
Completed 200 OK in 1998ms (Views: 1993.8ms | ActiveRecord: 0.0ms | Allocations: 88342)


Started GET "/" for ::1 at 2024-01-07 21:46:26 -0300
Processing by ArticlesController#index as HTML
  Rendering layout layouts/application.html.erb
  Rendering articles/index.html.erb within layouts/application
  Rendered articles/index.html.erb within layouts/application (Duration: 0.5ms | Allocations: 10)
  Rendered layout layouts/application.html.erb (Duration: 537.1ms | Allocations: 13383)
Completed 200 OK in 558ms (Views: 548.2ms | ActiveRecord: 0.0ms | Allocations: 13905)


Started GET "/articles" for ::1 at 2024-01-08 18:51:46 -0300
Processing by ArticlesController#index as HTML
  Rendering layout layouts/application.html.erb
  Rendering articles/index.html.erb within layouts/application
  Rendered articles/index.html.erb within layouts/application (Duration: 52.4ms | Allocations: 294)
  Rendered layout layouts/application.html.erb (Duration: 1898.9ms | Allocations: 34866)
Completed 200 OK in 2164ms (Views: 1963.4ms | ActiveRecord: 0.0ms | Allocations: 38790)


Started GET "/" for ::1 at 2024-01-08 18:52:00 -0300
Processing by ArticlesController#index as HTML
  Rendering layout layouts/application.html.erb
  Rendering articles/index.html.erb within layouts/application
  Rendered articles/index.html.erb within layouts/application (Duration: 0.4ms | Allocations: 7)
  Rendered layout layouts/application.html.erb (Duration: 46.5ms | Allocations: 2319)
Completed 200 OK in 57ms (Views: 54.5ms | ActiveRecord: 0.0ms | Allocations: 2578)


  [1m[35m (165.2ms)[0m  [1m[35mCREATE TABLE "schema_migrations" ("version" varchar NOT NULL PRIMARY KEY)[0m
  [1m[35m (116.4ms)[0m  [1m[35mCREATE TABLE "ar_internal_metadata" ("key" varchar NOT NULL PRIMARY KEY, "value" varchar, "created_at" datetime(6) NOT NULL, "updated_at" datetime(6) NOT NULL)[0m
  [1m[36mActiveRecord::SchemaMigration Pluck (0.7ms)[0m  [1m[34mSELECT "schema_migrations"."version" FROM "schema_migrations" ORDER BY "schema_migrations"."version" ASC[0m
Migrating to CreateArticles (20240108221846)
  [1m[36mTRANSACTION (0.7ms)[0m  [1m[36mbegin transaction[0m
  [1m[35m (3.6ms)[0m  [1m[35mCREATE TABLE "articles" ("id" integer PRIMARY KEY AUTOINCREMENT NOT NULL, "title" varchar, "body" text, "created_at" datetime(6) NOT NULL, "updated_at" datetime(6) NOT NULL)[0m
  [1m[36mActiveRecord::SchemaMigration Create (1.5ms)[0m  [1m[32mINSERT INTO "schema_migrations" ("version") VALUES (?)[0m  [["version", "20240108221846"]]
  [1m[36mTRANSACTION (136.8ms)[0m  [1m[36mcommit transaction[0m
  [1m[36mActiveRecord::InternalMetadata Load (1.0ms)[0m  [1m[34mSELECT "ar_internal_metadata".* FROM "ar_internal_metadata" WHERE "ar_internal_metadata"."key" = ? LIMIT ?[0m  [["key", "environment"], ["LIMIT", 1]]
  [1m[36mTRANSACTION (0.4ms)[0m  [1m[36mbegin transaction[0m
  [1m[36mActiveRecord::InternalMetadata Create (1.3ms)[0m  [1m[32mINSERT INTO "ar_internal_metadata" ("key", "value", "created_at", "updated_at") VALUES (?, ?, ?, ?)[0m  [["key", "environment"], ["value", "development"], ["created_at", "2024-01-08 22:41:16.960546"], ["updated_at", "2024-01-08 22:41:16.960546"]]
  [1m[36mTRANSACTION (83.2ms)[0m  [1m[36mcommit transaction[0m
  [1m[36mActiveRecord::SchemaMigration Pluck (1.8ms)[0m  [1m[34mSELECT "schema_migrations"."version" FROM "schema_migrations" ORDER BY "schema_migrations"."version" ASC[0m
  [1m[36mTRANSACTION (0.4ms)[0m  [1m[36mbegin transaction[0m
  [1m[36mArticle Create (20.7ms)[0m  [1m[32mINSERT INTO "articles" ("title", "body", "created_at", "updated_at") VALUES (?, ?, ?, ?)[0m  [["title", "Hello Rails"], ["body", "I am on Rails!"], ["created_at", "2024-01-08 23:10:12.584823"], ["updated_at", "2024-01-08 23:10:12.584823"]]
  [1m[36mTRANSACTION (73.5ms)[0m  [1m[36mcommit transaction[0m
  [1m[36mArticle Load (0.8ms)[0m  [1m[34mSELECT "articles".* FROM "articles" WHERE "articles"."id" = ? LIMIT ?[0m  [["id", 1], ["LIMIT", 1]]
  [1m[36mArticle Load (0.9ms)[0m  [1m[34mSELECT "articles".* FROM "articles" WHERE "articles"."id" = ? LIMIT ?[0m  [["id", 2], ["LIMIT", 1]]
  [1m[36mArticle Load (0.7ms)[0m  [1m[34mSELECT "articles".* FROM "articles"[0m
